2023-12-30 21:21:12,261 - INFO - [SERVER]: Listening on 127.0.0.1:12345
2023-12-30 21:21:17,521 - INFO - [SERVER]: Connection established with ('127.0.0.1', 33836)
2023-12-30 21:21:20,488 - INFO - [DB] Authenticating user
2023-12-30 21:21:20,494 - INFO - [DB] Set omar status to True
2023-12-30 21:21:34,447 - INFO - [SERVER]: Connection established with ('127.0.0.1', 51080)
2023-12-30 21:21:38,769 - INFO - [DB] Authenticating user
2023-12-30 21:21:38,776 - INFO - [DB] Set joe status to True
2023-12-30 21:21:45,820 - INFO - [DB] Added joe to the sports chat room.
2023-12-30 21:21:45,821 - INFO - [SERVER]: Sending notification to all peers in the chat room to referesh their peers
2023-12-30 21:21:59,205 - INFO - [DB] Added omar to the sports chat room.
2023-12-30 21:21:59,206 - INFO - [SERVER]: Sending notification to all peers in the chat room to referesh their peers
2023-12-30 21:22:09,979 - INFO - [SERVER]: Connection established with ('127.0.0.1', 40764)
2023-12-30 21:22:14,220 - INFO - [DB] Authenticating user
2023-12-30 21:22:14,225 - INFO - [DB] Wrong password
2023-12-30 21:23:47,743 - INFO - [DB] Authenticating user
2023-12-30 21:23:47,748 - INFO - [DB] Set mostafa status to True
2023-12-30 21:23:53,309 - INFO - [DB] Added mostafa to the sports chat room.
2023-12-30 21:23:53,310 - INFO - [SERVER]: Sending notification to all peers in the chat room to referesh their peers
2023-12-30 21:24:14,556 - INFO - [DB] Set omar status to False
2023-12-30 21:24:16,173 - INFO - [DB] Set joe status to False
2023-12-30 21:24:18,644 - INFO - [DB] Set mostafa status to False
